Disk Report - Tue Sep 30 03:13:40 AM EDT 2025
Filesystem      Size  Used Avail Use% Mounted on
tmpfs           341M  1.6M  339M   1% /run
/dev/sda2        20G   11G  8.2G  56% /
tmpfs           1.7G     0  1.7G   0% /dev/shm
tmpfs           5.0M  8.0K  5.0M   1% /run/lock
tmpfs           1.0M     0  1.0M   0% /run/credentials/systemd-journald.service
tmpfs           1.0M     0  1.0M   0% /run/credentials/systemd-resolved.service
tmpfs           1.7G   16K  1.7G   1% /tmp
tmpfs           341M  116K  341M   1% /run/user/1000
Disk Report - Tue Sep 30 03:14:08 AM EDT 2025
Filesystem      Size  Used Avail Use% Mounted on
tmpfs           341M  1.6M  339M   1% /run
/dev/sda2        20G   11G  8.2G  56% /
tmpfs           1.7G     0  1.7G   0% /dev/shm
tmpfs           5.0M  8.0K  5.0M   1% /run/lock
tmpfs           1.0M     0  1.0M   0% /run/credentials/systemd-journald.service
tmpfs           1.0M     0  1.0M   0% /run/credentials/systemd-resolved.service
tmpfs           1.7G   20K  1.7G   1% /tmp
tmpfs           341M  116K  341M   1% /run/user/1000
Disk Report - Tue Sep 30 03:15:25 AM EDT 2025
Filesystem      Size  Used Avail Use% Mounted on
tmpfs           341M  1.6M  339M   1% /run
/dev/sda2        20G   11G  8.2G  56% /
tmpfs           1.7G     0  1.7G   0% /dev/shm
tmpfs           5.0M  8.0K  5.0M   1% /run/lock
tmpfs           1.0M     0  1.0M   0% /run/credentials/systemd-journald.service
tmpfs           1.0M     0  1.0M   0% /run/credentials/systemd-resolved.service
tmpfs           1.7G   20K  1.7G   1% /tmp
tmpfs           341M  116K  341M   1% /run/user/1000
Disk Report - Tue Sep 30 03:20:53 AM EDT 2025
Filesystem      Size  Used Avail Use% Mounted on
tmpfs           341M  1.6M  339M   1% /run
/dev/sda2        20G   11G  8.2G  56% /
tmpfs           1.7G     0  1.7G   0% /dev/shm
tmpfs           5.0M  8.0K  5.0M   1% /run/lock
tmpfs           1.0M     0  1.0M   0% /run/credentials/systemd-journald.service
tmpfs           1.0M     0  1.0M   0% /run/credentials/systemd-resolved.service
tmpfs           1.7G   24K  1.7G   1% /tmp
tmpfs           341M  120K  341M   1% /run/user/1000
------------------------
